<?xml version="1.0" encoding="UTF-8"?>
<!-- Generated by org.testng.reporters.JUnitReportReporter -->
<testsuite hostname="TejiDhoot" failures="0" tests="5" name="org.web.automation.testcases.TC_005_ShoppingCartFunctionality" time="124.416" errors="0" timestamp="2021-05-15T14:13:24 EDT" skipped="0">
  <testcase classname="org.web.automation.testcases.TC_005_ShoppingCartFunctionality" name="tc_004_IncreaseProductQuantity" time="13.599"/>
  <system-out/>
  <testcase classname="org.web.automation.testcases.TC_005_ShoppingCartFunctionality" name="tc_005_deleteProductFromCart" time="10.390"/>
  <system-out/>
  <testcase classname="org.web.automation.testcases.TC_005_ShoppingCartFunctionality" name="tc_003_DecreaseProductQuantity" time="65.493"/>
  <system-out/>
  <testcase classname="org.web.automation.testcases.TC_005_ShoppingCartFunctionality" name="tc_002_checkCartIsNotEmpty" time="7.453"/>
  <system-out/>
  <testcase classname="org.web.automation.testcases.TC_005_ShoppingCartFunctionality" name="tc_001_checkCartIsEmpty" time="27.481"/>
  <system-out/>
</testsuite> <!-- org.web.automation.testcases.TC_005_ShoppingCartFunctionality -->
