<?xml version="1.0" encoding="UTF-8"?>
<!-- Generated by org.testng.reporters.JUnitReportReporter -->
<testsuite hostname="TejiDhoot" failures="0" tests="1" name="org.web.automation.testcases.TC_006_ProductPopupWindowFunctionality" time="8.233" errors="0" timestamp="2021-05-15T15:11:38 EDT" skipped="0">
  <testcase classname="org.web.automation.testcases.TC_006_ProductPopupWindowFunctionality" name="tc_002_checkContinuebuttonPresent" time="8.233"/>
  <system-out>
<a title= "Snapshot" href="D:\miTesting\2_github\3_sample_automation_project\3_sample_project\.\Screenshots\Sat-May-15-15-11-37-EDT-2021continue_button_not_present.png"><img width="418" height="240" alt="Screenshot" title="title" src="../surefire-reports/html/screenshots/./Screenshots/Sat-May-15-15-11-37-EDT-2021continue_button_not_present.png"</a>  </system-out>
</testsuite> <!-- org.web.automation.testcases.TC_006_ProductPopupWindowFunctionality -->
