<?xml version="1.0" encoding="UTF-8"?>
<!-- Generated by org.testng.reporters.JUnitReportReporter -->
<testsuite hostname="TejiDhoot" failures="0" tests="2" name="org.web.automation.testcases.TC_005_ShoppingCartFunctionality" time="42.771" errors="0" timestamp="2021-05-07T13:47:51 EDT" skipped="0">
  <testcase classname="org.web.automation.testcases.TC_005_ShoppingCartFunctionality" name="tc_006_placeOrderFromCartForSignedOutUser" time="17.761"/>
  <system-out/>
  <testcase classname="org.web.automation.testcases.TC_005_ShoppingCartFunctionality" name="tc_007_placeOrderFromCartForSignedInUser" time="25.010"/>
  <system-out/>
</testsuite> <!-- org.web.automation.testcases.TC_005_ShoppingCartFunctionality -->
