<?xml version="1.0" encoding="UTF-8"?>
<!-- Generated by org.testng.reporters.JUnitReportReporter -->
<testsuite hostname="TejiDhoot" failures="0" tests="1" name="org.web.automation.testcases.TC_003_HomePageNav" time="22.384" errors="0" timestamp="2021-05-07T10:11:46 EDT" skipped="0">
  <testcase classname="org.web.automation.testcases.TC_003_HomePageNav" name="tc_001_successfulOrderFromHomePageSignedOutUserReduceProductQuantity" time="22.384"/>
  <system-out/>
</testsuite> <!-- org.web.automation.testcases.TC_003_HomePageNav -->
