<?xml version="1.0" encoding="UTF-8"?>
<!-- Generated by org.testng.reporters.JUnitReportReporter -->
<testsuite hostname="TejiDhoot" failures="0" tests="1" name="org.web.automation.testcases.TC_002_LoginPage" time="20.463" errors="0" timestamp="2021-05-05T18:44:59 EDT" skipped="0">
  <testcase classname="org.web.automation.testcases.TC_002_LoginPage" name="tc_001_Add_Dress_To_cart" time="20.463"/>
  <system-out/>
</testsuite> <!-- org.web.automation.testcases.TC_002_LoginPage -->
