<?xml version="1.0" encoding="UTF-8"?>
<!-- Generated by org.testng.reporters.JUnitReportReporter -->
<testsuite hostname="TejiDhoot" failures="0" tests="1" name="org.web.automation.testcases.TC_002_SignIn_Window" time="10.428" errors="0" timestamp="2021-05-04T23:02:49 EDT" skipped="0">
  <testcase classname="org.web.automation.testcases.TC_002_SignIn_Window" name="tc_002_SignIn" time="10.428"/>
  <system-out/>
</testsuite> <!-- org.web.automation.testcases.TC_002_SignIn_Window -->
