<?xml version="1.0" encoding="UTF-8"?>
<!-- Generated by org.testng.reporters.JUnitReportReporter -->
<testsuite hostname="TejiDhoot" failures="0" tests="2" name="org.web.automation.testcases.TC_003_HomePageNav" time="39.212" errors="0" timestamp="2021-05-07T14:59:21 EDT" skipped="0">
  <testcase classname="org.web.automation.testcases.TC_003_HomePageNav" name="tc_002_successfulOrderByDressCategorySignedOutUser" time="17.627"/>
  <system-out/>
  <testcase classname="org.web.automation.testcases.TC_003_HomePageNav" name="tc_001_successfulOrderByTshirtsCategorySignedOutUser" time="21.585"/>
  <system-out/>
</testsuite> <!-- org.web.automation.testcases.TC_003_HomePageNav -->
