<?xml version="1.0" encoding="UTF-8"?>
<!-- Generated by org.testng.reporters.JUnitReportReporter -->
<testsuite hostname="TejiDhoot" failures="0" tests="5" name="org.web.automation.testcases.TC_005_ShoppingCartFunctionality" time="51.798" errors="0" timestamp="2021-05-07T14:30:06 EDT" skipped="0">
  <testcase classname="org.web.automation.testcases.TC_005_ShoppingCartFunctionality" name="tc_003_DecreaseProductQuantity" time="15.501"/>
  <system-out/>
  <testcase classname="org.web.automation.testcases.TC_005_ShoppingCartFunctionality" name="tc_001_checkCartIsNotEmpty" time="7.649"/>
  <system-out/>
  <testcase classname="org.web.automation.testcases.TC_005_ShoppingCartFunctionality" name="tc_001_checkCartIsEmpty" time="4.149"/>
  <system-out/>
  <testcase classname="org.web.automation.testcases.TC_005_ShoppingCartFunctionality" name="tc_004_IncreaseProductQuantity" time="10.665"/>
  <system-out/>
  <testcase classname="org.web.automation.testcases.TC_005_ShoppingCartFunctionality" name="tc_005_deleteProductFromCart" time="13.834"/>
  <system-out/>
</testsuite> <!-- org.web.automation.testcases.TC_005_ShoppingCartFunctionality -->
