<?xml version="1.0" encoding="UTF-8"?>
<!-- Generated by org.testng.reporters.JUnitReportReporter -->
<testsuite hostname="TejiDhoot" failures="0" tests="1" name="org.web.automation.testcases.TC_004_MyAccountPageFunctionality" time="7.774" errors="0" timestamp="2021-05-07T15:26:13 EDT" skipped="0">
  <testcase classname="org.web.automation.testcases.TC_004_MyAccountPageFunctionality" name="tc_001_UpdateFirstNameInMyAddress" time="7.774"/>
  <system-out/>
</testsuite> <!-- org.web.automation.testcases.TC_004_MyAccountPageFunctionality -->
