<?xml version="1.0" encoding="UTF-8"?>
<!-- Generated by org.testng.reporters.JUnitReportReporter -->
<testsuite hostname="TejiDhoot" failures="0" tests="1" name="org.web.automation.testcases.TC_001_LoginCard_Functionality" time="21.685" errors="0" timestamp="2021-05-05T14:23:24 EDT" skipped="0">
  <testcase classname="org.web.automation.testcases.TC_001_LoginCard_Functionality" name="tc_002_ValidEmail_EmptyPassword" time="21.685"/>
  <system-out/>
</testsuite> <!-- org.web.automation.testcases.TC_001_LoginCard_Functionality -->
