<?xml version="1.0" encoding="UTF-8"?>
<!-- Generated by org.testng.reporters.JUnitReportReporter -->
<testsuite hostname="TejiDhoot" failures="0" tests="5" name="org.web.automation.testcases.TC_005_ShoppingCartFunctionality" time="64.989" errors="0" timestamp="2021-05-15T11:58:19 EDT" skipped="0">
  <testcase classname="org.web.automation.testcases.TC_005_ShoppingCartFunctionality" name="tc_005_deleteProductFromCart" time="14.909"/>
  <system-out/>
  <testcase classname="org.web.automation.testcases.TC_005_ShoppingCartFunctionality" name="tc_003_DecreaseProductQuantity" time="16.421"/>
  <system-out/>
  <testcase classname="org.web.automation.testcases.TC_005_ShoppingCartFunctionality" name="tc_001_checkCartIsEmpty" time="3.412"/>
  <system-out/>
  <testcase classname="org.web.automation.testcases.TC_005_ShoppingCartFunctionality" name="tc_004_IncreaseProductQuantity" time="22.624"/>
  <system-out/>
  <testcase classname="org.web.automation.testcases.TC_005_ShoppingCartFunctionality" name="tc_002_checkCartIsNotEmpty" time="7.623"/>
  <system-out/>
</testsuite> <!-- org.web.automation.testcases.TC_005_ShoppingCartFunctionality -->
